<?xml version="1.0" encoding="UTF-8"?>
<!-- Generated by org.testng.reporters.JUnitReportReporter -->
<testsuite hostname="DESKTOP-SK4U7S8" failures="0" tests="1" name="scripts.Testcase2" time="197.846" errors="0" timestamp="2023-01-02T10:00:05 IST" skipped="0">
  <testcase classname="scripts.Testcase2" name="tc2" time="197.846"/>
  <system-out/>
</testsuite> <!-- scripts.Testcase2 -->
