<?xml version="1.0" encoding="UTF-8"?>
<!-- Generated by org.testng.reporters.JUnitReportReporter -->
<testsuite hostname="DESKTOP-SK4U7S8" failures="0" tests="1" name="scripts.Testcase1" time="45.092" errors="0" timestamp="2022-12-31T20:00:34 IST" skipped="0">
  <testcase classname="scripts.Testcase1" name="tc1" time="45.092"/>
  <system-out/>
</testsuite> <!-- scripts.Testcase1 -->
